{"name":"Browse Consolidated : PRODUCT CAROUSEL Behavior on clickCOneThreezeroThree","status":"broken","statusDetails":{"known":false,"muted":false,"flaky":false,"message":"no such element: Unable to locate element: {\"method\":\"css selector\",\"selector\":\"img[class=\"lazyOwl\"][src=\"/cdn-cgi/image/width=250,fit=contain,f=auto//medias/200097894-fotocrosselling.jpg?context=bWFzdGVyfHJvb3R8MjA4NTN8aW1hZ2UvanBlZ3xoZmUvaGRlLzEwODAzMTIyMjA4Nzk4LzIwMDA5Nzg5NF9mb3RvY3Jvc3NlbGxpbmcuanBnfGQyZjI4NTQxZmNkNTcyZmRkNzFkMDVhODQ5MDVlZDdlOTg5NTEzODQ4ZWQ2MTE3MzM0MDgxMWU3NmU5YWIzMTY\"]\"}\n  (Session info: chrome=94.0.4606.81)\nFor documentation on this error, please visit: https://www.seleniumhq.org/exceptions/no_such_element.html\nBuild info: version: '3.141.59', revision: 'e82be7d358', time: '2018-11-14T08:17:03'\nSystem info: host: 'CHL127878', ip: '192.168.1.7', os.name: 'Windows 10', os.arch: 'amd64', os.version: '10.0', java.version: '11.0.12'\nDriver info: org.openqa.selenium.remote.RemoteWebDriver\nCapabilities {acceptInsecureCerts: false, browserName: chrome, browserVersion: 94.0.4606.81, chrome: {chromedriverVersion: 93.0.4577.15 (660fc11082ba5..., userDataDir: C:\\Users\\ltuser\\AppData\\Loc...}, goog:chromeOptions: {debuggerAddress: localhost:54376}, javascriptEnabled: true, networkConnectionEnabled: false, pageLoadStrategy: normal, platform: WINDOWS, platformName: WINDOWS, proxy: Proxy(), setWindowRect: true, strictFileInteractability: false, timeouts: {implicit: 0, pageLoad: 300000, script: 30000}, unhandledPromptBehavior: dismiss and notify, webauthn:extension:credBlob: true, webauthn:extension:largeBlob: true, webauthn:virtualAuthenticators: true, webdriver.remote.sessionid: 11c548e3db6c0ca2171f62ff0d7...}\nSession ID: 11c548e3db6c0ca2171f62ff0d7ec840\n*** Element info: {Using=css selector, value=img[class=\"lazyOwl\"][src=\"/cdn-cgi/image/width=250,fit=contain,f=auto//medias/200097894-fotocrosselling.jpg?context=bWFzdGVyfHJvb3R8MjA4NTN8aW1hZ2UvanBlZ3xoZmUvaGRlLzEwODAzMTIyMjA4Nzk4LzIwMDA5Nzg5NF9mb3RvY3Jvc3NlbGxpbmcuanBnfGQyZjI4NTQxZmNkNTcyZmRkNzFkMDVhODQ5MDVlZDdlOTg5NTEzODQ4ZWQ2MTE3MzM0MDgxMWU3NmU5YWIzMTY\"]}","trace":"org.openqa.selenium.NoSuchElementException: no such element: Unable to locate element: {\"method\":\"css selector\",\"selector\":\"img[class=\"lazyOwl\"][src=\"/cdn-cgi/image/width=250,fit=contain,f=auto//medias/200097894-fotocrosselling.jpg?context=bWFzdGVyfHJvb3R8MjA4NTN8aW1hZ2UvanBlZ3xoZmUvaGRlLzEwODAzMTIyMjA4Nzk4LzIwMDA5Nzg5NF9mb3RvY3Jvc3NlbGxpbmcuanBnfGQyZjI4NTQxZmNkNTcyZmRkNzFkMDVhODQ5MDVlZDdlOTg5NTEzODQ4ZWQ2MTE3MzM0MDgxMWU3NmU5YWIzMTY\"]\"}\n  (Session info: chrome=94.0.4606.81)\nFor documentation on this error, please visit: https://www.seleniumhq.org/exceptions/no_such_element.html\nBuild info: version: '3.141.59', revision: 'e82be7d358', time: '2018-11-14T08:17:03'\nSystem info: host: 'CHL127878', ip: '192.168.1.7', os.name: 'Windows 10', os.arch: 'amd64', os.version: '10.0', java.version: '11.0.12'\nDriver info: org.openqa.selenium.remote.RemoteWebDriver\nCapabilities {acceptInsecureCerts: false, browserName: chrome, browserVersion: 94.0.4606.81, chrome: {chromedriverVersion: 93.0.4577.15 (660fc11082ba5..., userDataDir: C:\\Users\\ltuser\\AppData\\Loc...}, goog:chromeOptions: {debuggerAddress: localhost:54376}, javascriptEnabled: true, networkConnectionEnabled: false, pageLoadStrategy: normal, platform: WINDOWS, platformName: WINDOWS, proxy: Proxy(), setWindowRect: true, strictFileInteractability: false, timeouts: {implicit: 0, pageLoad: 300000, script: 30000}, unhandledPromptBehavior: dismiss and notify, webauthn:extension:credBlob: true, webauthn:extension:largeBlob: true, webauthn:virtualAuthenticators: true, webdriver.remote.sessionid: 11c548e3db6c0ca2171f62ff0d7...}\nSession ID: 11c548e3db6c0ca2171f62ff0d7ec840\n*** Element info: {Using=css selector, value=img[class=\"lazyOwl\"][src=\"/cdn-cgi/image/width=250,fit=contain,f=auto//medias/200097894-fotocrosselling.jpg?context=bWFzdGVyfHJvb3R8MjA4NTN8aW1hZ2UvanBlZ3xoZmUvaGRlLzEwODAzMTIyMjA4Nzk4LzIwMDA5Nzg5NF9mb3RvY3Jvc3NlbGxpbmcuanBnfGQyZjI4NTQxZmNkNTcyZmRkNzFkMDVhODQ5MDVlZDdlOTg5NTEzODQ4ZWQ2MTE3MzM0MDgxMWU3NmU5YWIzMTY\"]}\r\n\tat jdk.internal.reflect.GeneratedConstructorAccessor75.newInstance(Unknown Source)\r\n\tat java.base/jdk.internal.reflect.DelegatingConstructorAccessorImpl.newInstance(DelegatingConstructorAccessorImpl.java:45)\r\n\tat java.base/java.lang.reflect.Constructor.newInstance(Constructor.java:490)\r\n\tat org.openqa.selenium.remote.http.W3CHttpResponseCodec.createException(W3CHttpResponseCodec.java:187)\r\n\tat org.openqa.selenium.remote.http.W3CHttpResponseCodec.decode(W3CHttpResponseCodec.java:122)\r\n\tat org.openqa.selenium.remote.http.W3CHttpResponseCodec.decode(W3CHttpResponseCodec.java:49)\r\n\tat org.openqa.selenium.remote.HttpCommandExecutor.execute(HttpCommandExecutor.java:158)\r\n\tat org.openqa.selenium.remote.RemoteWebDriver.execute(RemoteWebDriver.java:552)\r\n\tat org.openqa.selenium.remote.RemoteWebDriver.findElement(RemoteWebDriver.java:323)\r\n\tat org.openqa.selenium.remote.RemoteWebDriver.findElementByCssSelector(RemoteWebDriver.java:420)\r\n\tat testng_framework.WebDriverHelper.getElement(WebDriverHelper.java:158)\r\n\tat testng_framework.WebDriverHelper.getElement(WebDriverHelper.java:172)\r\n\tat testng_framework.WebDriverHelper.clickOnElement(WebDriverHelper.java:249)\r\n\tat generated_tests.Browse_Consolidated.PRODUCT_CAROUSEL_Behavior_on_clickCOneThreezeroThree(Browse_Consolidated.java:3369)\r\n\tat StepDef.Browse_Consolidated_StepDef.Browse_ConsolidatedPRODUCT_CAROUSEL_Behavior_on_clickCOneThreezeroThreeStep(Browse_Consolidated_StepDef.java:312)\r\n\tat ✽.Browse Consolidated : PRODUCT CAROUSEL Behavior on clickCOneThreezeroThree(file:///C:/Users/kirubanithi_r/Documents/EndtestTestNGMigrationLambdatest/src/main/java/features/Browse_Consolidated.feature:246)\r\n"},"stage":"finished","steps":[{"name":"Given  Browse Consolidated : PRODUCT CAROUSEL Behavior on clickCOneThreezeroThree","status":"broken","statusDetails":{"known":false,"muted":false,"flaky":false,"message":"no such element: Unable to locate element: {\"method\":\"css selector\",\"selector\":\"img[class=\"lazyOwl\"][src=\"/cdn-cgi/image/width=250,fit=contain,f=auto//medias/200097894-fotocrosselling.jpg?context=bWFzdGVyfHJvb3R8MjA4NTN8aW1hZ2UvanBlZ3xoZmUvaGRlLzEwODAzMTIyMjA4Nzk4LzIwMDA5Nzg5NF9mb3RvY3Jvc3NlbGxpbmcuanBnfGQyZjI4NTQxZmNkNTcyZmRkNzFkMDVhODQ5MDVlZDdlOTg5NTEzODQ4ZWQ2MTE3MzM0MDgxMWU3NmU5YWIzMTY\"]\"}\n  (Session info: chrome=94.0.4606.81)\nFor documentation on this error, please visit: https://www.seleniumhq.org/exceptions/no_such_element.html\nBuild info: version: '3.141.59', revision: 'e82be7d358', time: '2018-11-14T08:17:03'\nSystem info: host: 'CHL127878', ip: '192.168.1.7', os.name: 'Windows 10', os.arch: 'amd64', os.version: '10.0', java.version: '11.0.12'\nDriver info: org.openqa.selenium.remote.RemoteWebDriver\nCapabilities {acceptInsecureCerts: false, browserName: chrome, browserVersion: 94.0.4606.81, chrome: {chromedriverVersion: 93.0.4577.15 (660fc11082ba5..., userDataDir: C:\\Users\\ltuser\\AppData\\Loc...}, goog:chromeOptions: {debuggerAddress: localhost:54376}, javascriptEnabled: true, networkConnectionEnabled: false, pageLoadStrategy: normal, platform: WINDOWS, platformName: WINDOWS, proxy: Proxy(), setWindowRect: true, strictFileInteractability: false, timeouts: {implicit: 0, pageLoad: 300000, script: 30000}, unhandledPromptBehavior: dismiss and notify, webauthn:extension:credBlob: true, webauthn:extension:largeBlob: true, webauthn:virtualAuthenticators: true, webdriver.remote.sessionid: 11c548e3db6c0ca2171f62ff0d7...}\nSession ID: 11c548e3db6c0ca2171f62ff0d7ec840\n*** Element info: {Using=css selector, value=img[class=\"lazyOwl\"][src=\"/cdn-cgi/image/width=250,fit=contain,f=auto//medias/200097894-fotocrosselling.jpg?context=bWFzdGVyfHJvb3R8MjA4NTN8aW1hZ2UvanBlZ3xoZmUvaGRlLzEwODAzMTIyMjA4Nzk4LzIwMDA5Nzg5NF9mb3RvY3Jvc3NlbGxpbmcuanBnfGQyZjI4NTQxZmNkNTcyZmRkNzFkMDVhODQ5MDVlZDdlOTg5NTEzODQ4ZWQ2MTE3MzM0MDgxMWU3NmU5YWIzMTY\"]}","trace":"org.openqa.selenium.NoSuchElementException: no such element: Unable to locate element: {\"method\":\"css selector\",\"selector\":\"img[class=\"lazyOwl\"][src=\"/cdn-cgi/image/width=250,fit=contain,f=auto//medias/200097894-fotocrosselling.jpg?context=bWFzdGVyfHJvb3R8MjA4NTN8aW1hZ2UvanBlZ3xoZmUvaGRlLzEwODAzMTIyMjA4Nzk4LzIwMDA5Nzg5NF9mb3RvY3Jvc3NlbGxpbmcuanBnfGQyZjI4NTQxZmNkNTcyZmRkNzFkMDVhODQ5MDVlZDdlOTg5NTEzODQ4ZWQ2MTE3MzM0MDgxMWU3NmU5YWIzMTY\"]\"}\n  (Session info: chrome=94.0.4606.81)\nFor documentation on this error, please visit: https://www.seleniumhq.org/exceptions/no_such_element.html\nBuild info: version: '3.141.59', revision: 'e82be7d358', time: '2018-11-14T08:17:03'\nSystem info: host: 'CHL127878', ip: '192.168.1.7', os.name: 'Windows 10', os.arch: 'amd64', os.version: '10.0', java.version: '11.0.12'\nDriver info: org.openqa.selenium.remote.RemoteWebDriver\nCapabilities {acceptInsecureCerts: false, browserName: chrome, browserVersion: 94.0.4606.81, chrome: {chromedriverVersion: 93.0.4577.15 (660fc11082ba5..., userDataDir: C:\\Users\\ltuser\\AppData\\Loc...}, goog:chromeOptions: {debuggerAddress: localhost:54376}, javascriptEnabled: true, networkConnectionEnabled: false, pageLoadStrategy: normal, platform: WINDOWS, platformName: WINDOWS, proxy: Proxy(), setWindowRect: true, strictFileInteractability: false, timeouts: {implicit: 0, pageLoad: 300000, script: 30000}, unhandledPromptBehavior: dismiss and notify, webauthn:extension:credBlob: true, webauthn:extension:largeBlob: true, webauthn:virtualAuthenticators: true, webdriver.remote.sessionid: 11c548e3db6c0ca2171f62ff0d7...}\nSession ID: 11c548e3db6c0ca2171f62ff0d7ec840\n*** Element info: {Using=css selector, value=img[class=\"lazyOwl\"][src=\"/cdn-cgi/image/width=250,fit=contain,f=auto//medias/200097894-fotocrosselling.jpg?context=bWFzdGVyfHJvb3R8MjA4NTN8aW1hZ2UvanBlZ3xoZmUvaGRlLzEwODAzMTIyMjA4Nzk4LzIwMDA5Nzg5NF9mb3RvY3Jvc3NlbGxpbmcuanBnfGQyZjI4NTQxZmNkNTcyZmRkNzFkMDVhODQ5MDVlZDdlOTg5NTEzODQ4ZWQ2MTE3MzM0MDgxMWU3NmU5YWIzMTY\"]}\r\n\tat jdk.internal.reflect.GeneratedConstructorAccessor75.newInstance(Unknown Source)\r\n\tat java.base/jdk.internal.reflect.DelegatingConstructorAccessorImpl.newInstance(DelegatingConstructorAccessorImpl.java:45)\r\n\tat java.base/java.lang.reflect.Constructor.newInstance(Constructor.java:490)\r\n\tat org.openqa.selenium.remote.http.W3CHttpResponseCodec.createException(W3CHttpResponseCodec.java:187)\r\n\tat org.openqa.selenium.remote.http.W3CHttpResponseCodec.decode(W3CHttpResponseCodec.java:122)\r\n\tat org.openqa.selenium.remote.http.W3CHttpResponseCodec.decode(W3CHttpResponseCodec.java:49)\r\n\tat org.openqa.selenium.remote.HttpCommandExecutor.execute(HttpCommandExecutor.java:158)\r\n\tat org.openqa.selenium.remote.RemoteWebDriver.execute(RemoteWebDriver.java:552)\r\n\tat org.openqa.selenium.remote.RemoteWebDriver.findElement(RemoteWebDriver.java:323)\r\n\tat org.openqa.selenium.remote.RemoteWebDriver.findElementByCssSelector(RemoteWebDriver.java:420)\r\n\tat testng_framework.WebDriverHelper.getElement(WebDriverHelper.java:158)\r\n\tat testng_framework.WebDriverHelper.getElement(WebDriverHelper.java:172)\r\n\tat testng_framework.WebDriverHelper.clickOnElement(WebDriverHelper.java:249)\r\n\tat generated_tests.Browse_Consolidated.PRODUCT_CAROUSEL_Behavior_on_clickCOneThreezeroThree(Browse_Consolidated.java:3369)\r\n\tat StepDef.Browse_Consolidated_StepDef.Browse_ConsolidatedPRODUCT_CAROUSEL_Behavior_on_clickCOneThreezeroThreeStep(Browse_Consolidated_StepDef.java:312)\r\n\tat ✽.Browse Consolidated : PRODUCT CAROUSEL Behavior on clickCOneThreezeroThree(file:///C:/Users/kirubanithi_r/Documents/EndtestTestNGMigrationLambdatest/src/main/java/features/Browse_Consolidated.feature:246)\r\n"},"stage":"finished","steps":[],"attachments":[],"parameters":[],"start":1641548853221,"stop":1641548994732}],"attachments":[],"parameters":[],"start":1641548844486,"stop":1641549000197,"uuid":"53fe1ca8-1b7e-4ce5-bb3f-afdfbfacfe8a","historyId":"56ce698bfb9ec7b9815347b7c55093f0","fullName":"Browse Consolidated: Browse Consolidated : PRODUCT CAROUSEL Behavior on clickCOneThreezeroThree","labels":[{"name":"tag","value":"Browse_Consolidated"},{"name":"tag","value":"Browse_Consolidated_61"},{"name":"host","value":"CHL127878"},{"name":"thread","value":"18652@CHL127878.TestNG-PoolService-9(26)"},{"name":"feature","value":"Browse Consolidated"},{"name":"story","value":"Browse Consolidated : PRODUCT CAROUSEL Behavior on clickCOneThreezeroThree"},{"name":"suite","value":"Browse Consolidated"},{"name":"testClass","value":"Browse Consolidated : PRODUCT CAROUSEL Behavior on clickCOneThreezeroThree"},{"name":"framework","value":"cucumber4jvm"},{"name":"language","value":"java"},{"name":"gherkin_uri","value":"file:///C:/Users/kirubanithi_r/Documents/EndtestTestNGMigrationLambdatest/src/main/java/features/Browse_Consolidated.feature"},{"name":"package","value":"src.main.java.features.Browse_Consolidated_feature.Browse Consolidated"}],"links":[]}