{"name":"Regression Chile Ecquador Consolidated : EC ETwoE apply Discount  CC couponCOneEightzeroTwozeroFiveCEightFiveOneCThreeSevenFourSeven","status":"broken","statusDetails":{"known":false,"muted":false,"flaky":false,"message":"no such element: Unable to locate element: {\"method\":\"xpath\",\"selector\":\"//div[@class='product__listing product__grid']/child::div[1]/child::div[2]/child::a\"}\n  (Session info: chrome=94.0.4606.41)\nFor documentation on this error, please visit: https://www.seleniumhq.org/exceptions/no_such_element.html\nBuild info: version: '3.141.59', revision: 'e82be7d358', time: '2018-11-14T08:17:03'\nSystem info: host: 'CHL127878', ip: '192.168.1.7', os.name: 'Windows 10', os.arch: 'amd64', os.version: '10.0', java.version: '11.0.12'\nDriver info: org.openqa.selenium.remote.RemoteWebDriver\nCapabilities {acceptInsecureCerts: false, browserName: chrome, browserVersion: 94.0.4606.41, chrome: {chromedriverVersion: 93.0.4577.15 (660fc11082ba5..., userDataDir: C:\\Users\\ltuser\\AppData\\Loc...}, goog:chromeOptions: {debuggerAddress: localhost:50969}, javascriptEnabled: true, networkConnectionEnabled: false, pageLoadStrategy: normal, platform: WINDOWS, platformName: WINDOWS, proxy: Proxy(), setWindowRect: true, strictFileInteractability: false, timeouts: {implicit: 0, pageLoad: 300000, script: 30000}, unhandledPromptBehavior: dismiss and notify, webauthn:extension:credBlob: true, webauthn:extension:largeBlob: true, webauthn:virtualAuthenticators: true, webdriver.remote.sessionid: 4dce8075c2209ff8737cf2584b3...}\nSession ID: 4dce8075c2209ff8737cf2584b396a62\n*** Element info: {Using=xpath, value=//div[@class='product__listing product__grid']/child::div[1]/child::div[2]/child::a}","trace":"org.openqa.selenium.NoSuchElementException: no such element: Unable to locate element: {\"method\":\"xpath\",\"selector\":\"//div[@class='product__listing product__grid']/child::div[1]/child::div[2]/child::a\"}\n  (Session info: chrome=94.0.4606.41)\nFor documentation on this error, please visit: https://www.seleniumhq.org/exceptions/no_such_element.html\nBuild info: version: '3.141.59', revision: 'e82be7d358', time: '2018-11-14T08:17:03'\nSystem info: host: 'CHL127878', ip: '192.168.1.7', os.name: 'Windows 10', os.arch: 'amd64', os.version: '10.0', java.version: '11.0.12'\nDriver info: org.openqa.selenium.remote.RemoteWebDriver\nCapabilities {acceptInsecureCerts: false, browserName: chrome, browserVersion: 94.0.4606.41, chrome: {chromedriverVersion: 93.0.4577.15 (660fc11082ba5..., userDataDir: C:\\Users\\ltuser\\AppData\\Loc...}, goog:chromeOptions: {debuggerAddress: localhost:50969}, javascriptEnabled: true, networkConnectionEnabled: false, pageLoadStrategy: normal, platform: WINDOWS, platformName: WINDOWS, proxy: Proxy(), setWindowRect: true, strictFileInteractability: false, timeouts: {implicit: 0, pageLoad: 300000, script: 30000}, unhandledPromptBehavior: dismiss and notify, webauthn:extension:credBlob: true, webauthn:extension:largeBlob: true, webauthn:virtualAuthenticators: true, webdriver.remote.sessionid: 4dce8075c2209ff8737cf2584b3...}\nSession ID: 4dce8075c2209ff8737cf2584b396a62\n*** Element info: {Using=xpath, value=//div[@class='product__listing product__grid']/child::div[1]/child::div[2]/child::a}\r\n\tat jdk.internal.reflect.GeneratedConstructorAccessor75.newInstance(Unknown Source)\r\n\tat java.base/jdk.internal.reflect.DelegatingConstructorAccessorImpl.newInstance(DelegatingConstructorAccessorImpl.java:45)\r\n\tat java.base/java.lang.reflect.Constructor.newInstance(Constructor.java:490)\r\n\tat org.openqa.selenium.remote.http.W3CHttpResponseCodec.createException(W3CHttpResponseCodec.java:187)\r\n\tat org.openqa.selenium.remote.http.W3CHttpResponseCodec.decode(W3CHttpResponseCodec.java:122)\r\n\tat org.openqa.selenium.remote.http.W3CHttpResponseCodec.decode(W3CHttpResponseCodec.java:49)\r\n\tat org.openqa.selenium.remote.HttpCommandExecutor.execute(HttpCommandExecutor.java:158)\r\n\tat org.openqa.selenium.remote.RemoteWebDriver.execute(RemoteWebDriver.java:552)\r\n\tat org.openqa.selenium.remote.RemoteWebDriver.findElement(RemoteWebDriver.java:323)\r\n\tat org.openqa.selenium.remote.RemoteWebDriver.findElementByXPath(RemoteWebDriver.java:428)\r\n\tat testng_framework.WebDriverHelper.getElement(WebDriverHelper.java:156)\r\n\tat testng_framework.WebDriverHelper.getElement(WebDriverHelper.java:172)\r\n\tat testng_framework.WebDriverHelper.clickOnElement(WebDriverHelper.java:249)\r\n\tat generated_tests.Regression_Chile_Ecquador_Consolidated.EC_ETwoE_apply_Discount__CC_couponCOneEightzeroTwozeroFiveCEightFiveOneCThreeSevenFourSeven(Regression_Chile_Ecquador_Consolidated.java:1105)\r\n\tat StepDef.Regression_Chile_Ecquador_Consolidated_StepDef.Regression_Chile_Ecquador_ConsolidatedEC_ETwoE_apply_Discount__CC_couponCOneEightzeroTwozeroFiveCEightFiveOneCThreeSevenFourSevenStep(Regression_Chile_Ecquador_Consolidated_StepDef.java:47)\r\n\tat ✽.Regression Chile Ecquador Consolidated : EC ETwoE apply Discount  CC couponCOneEightzeroTwozeroFiveCEightFiveOneCThreeSevenFourSeven(file:///C:/Users/kirubanithi_r/Documents/EndtestTestNGMigrationLambdatest/src/main/java/features/Regression_Chile_Ecquador_Consolidated.feature:34)\r\n"},"stage":"finished","steps":[{"name":"Given  Regression Chile Ecquador Consolidated : EC ETwoE apply Discount  CC couponCOneEightzeroTwozeroFiveCEightFiveOneCThreeSevenFourSeven","status":"broken","statusDetails":{"known":false,"muted":false,"flaky":false,"message":"no such element: Unable to locate element: {\"method\":\"xpath\",\"selector\":\"//div[@class='product__listing product__grid']/child::div[1]/child::div[2]/child::a\"}\n  (Session info: chrome=94.0.4606.41)\nFor documentation on this error, please visit: https://www.seleniumhq.org/exceptions/no_such_element.html\nBuild info: version: '3.141.59', revision: 'e82be7d358', time: '2018-11-14T08:17:03'\nSystem info: host: 'CHL127878', ip: '192.168.1.7', os.name: 'Windows 10', os.arch: 'amd64', os.version: '10.0', java.version: '11.0.12'\nDriver info: org.openqa.selenium.remote.RemoteWebDriver\nCapabilities {acceptInsecureCerts: false, browserName: chrome, browserVersion: 94.0.4606.41, chrome: {chromedriverVersion: 93.0.4577.15 (660fc11082ba5..., userDataDir: C:\\Users\\ltuser\\AppData\\Loc...}, goog:chromeOptions: {debuggerAddress: localhost:50969}, javascriptEnabled: true, networkConnectionEnabled: false, pageLoadStrategy: normal, platform: WINDOWS, platformName: WINDOWS, proxy: Proxy(), setWindowRect: true, strictFileInteractability: false, timeouts: {implicit: 0, pageLoad: 300000, script: 30000}, unhandledPromptBehavior: dismiss and notify, webauthn:extension:credBlob: true, webauthn:extension:largeBlob: true, webauthn:virtualAuthenticators: true, webdriver.remote.sessionid: 4dce8075c2209ff8737cf2584b3...}\nSession ID: 4dce8075c2209ff8737cf2584b396a62\n*** Element info: {Using=xpath, value=//div[@class='product__listing product__grid']/child::div[1]/child::div[2]/child::a}","trace":"org.openqa.selenium.NoSuchElementException: no such element: Unable to locate element: {\"method\":\"xpath\",\"selector\":\"//div[@class='product__listing product__grid']/child::div[1]/child::div[2]/child::a\"}\n  (Session info: chrome=94.0.4606.41)\nFor documentation on this error, please visit: https://www.seleniumhq.org/exceptions/no_such_element.html\nBuild info: version: '3.141.59', revision: 'e82be7d358', time: '2018-11-14T08:17:03'\nSystem info: host: 'CHL127878', ip: '192.168.1.7', os.name: 'Windows 10', os.arch: 'amd64', os.version: '10.0', java.version: '11.0.12'\nDriver info: org.openqa.selenium.remote.RemoteWebDriver\nCapabilities {acceptInsecureCerts: false, browserName: chrome, browserVersion: 94.0.4606.41, chrome: {chromedriverVersion: 93.0.4577.15 (660fc11082ba5..., userDataDir: C:\\Users\\ltuser\\AppData\\Loc...}, goog:chromeOptions: {debuggerAddress: localhost:50969}, javascriptEnabled: true, networkConnectionEnabled: false, pageLoadStrategy: normal, platform: WINDOWS, platformName: WINDOWS, proxy: Proxy(), setWindowRect: true, strictFileInteractability: false, timeouts: {implicit: 0, pageLoad: 300000, script: 30000}, unhandledPromptBehavior: dismiss and notify, webauthn:extension:credBlob: true, webauthn:extension:largeBlob: true, webauthn:virtualAuthenticators: true, webdriver.remote.sessionid: 4dce8075c2209ff8737cf2584b3...}\nSession ID: 4dce8075c2209ff8737cf2584b396a62\n*** Element info: {Using=xpath, value=//div[@class='product__listing product__grid']/child::div[1]/child::div[2]/child::a}\r\n\tat jdk.internal.reflect.GeneratedConstructorAccessor75.newInstance(Unknown Source)\r\n\tat java.base/jdk.internal.reflect.DelegatingConstructorAccessorImpl.newInstance(DelegatingConstructorAccessorImpl.java:45)\r\n\tat java.base/java.lang.reflect.Constructor.newInstance(Constructor.java:490)\r\n\tat org.openqa.selenium.remote.http.W3CHttpResponseCodec.createException(W3CHttpResponseCodec.java:187)\r\n\tat org.openqa.selenium.remote.http.W3CHttpResponseCodec.decode(W3CHttpResponseCodec.java:122)\r\n\tat org.openqa.selenium.remote.http.W3CHttpResponseCodec.decode(W3CHttpResponseCodec.java:49)\r\n\tat org.openqa.selenium.remote.HttpCommandExecutor.execute(HttpCommandExecutor.java:158)\r\n\tat org.openqa.selenium.remote.RemoteWebDriver.execute(RemoteWebDriver.java:552)\r\n\tat org.openqa.selenium.remote.RemoteWebDriver.findElement(RemoteWebDriver.java:323)\r\n\tat org.openqa.selenium.remote.RemoteWebDriver.findElementByXPath(RemoteWebDriver.java:428)\r\n\tat testng_framework.WebDriverHelper.getElement(WebDriverHelper.java:156)\r\n\tat testng_framework.WebDriverHelper.getElement(WebDriverHelper.java:172)\r\n\tat testng_framework.WebDriverHelper.clickOnElement(WebDriverHelper.java:249)\r\n\tat generated_tests.Regression_Chile_Ecquador_Consolidated.EC_ETwoE_apply_Discount__CC_couponCOneEightzeroTwozeroFiveCEightFiveOneCThreeSevenFourSeven(Regression_Chile_Ecquador_Consolidated.java:1105)\r\n\tat StepDef.Regression_Chile_Ecquador_Consolidated_StepDef.Regression_Chile_Ecquador_ConsolidatedEC_ETwoE_apply_Discount__CC_couponCOneEightzeroTwozeroFiveCEightFiveOneCThreeSevenFourSevenStep(Regression_Chile_Ecquador_Consolidated_StepDef.java:47)\r\n\tat ✽.Regression Chile Ecquador Consolidated : EC ETwoE apply Discount  CC couponCOneEightzeroTwozeroFiveCEightFiveOneCThreeSevenFourSeven(file:///C:/Users/kirubanithi_r/Documents/EndtestTestNGMigrationLambdatest/src/main/java/features/Regression_Chile_Ecquador_Consolidated.feature:34)\r\n"},"stage":"finished","steps":[],"attachments":[],"parameters":[],"start":1641550165804,"stop":1641550318869}],"attachments":[],"parameters":[],"start":1641550157406,"stop":1641550321816,"uuid":"a86801a9-ac15-4237-9cfb-78776223016a","historyId":"22dc6f3ad5133ed1f4b8d8573a75eff9","fullName":"Regression Chile Ecquador Consolidated: Regression Chile Ecquador Consolidated : EC ETwoE apply Discount  CC couponCOneEightzeroTwozeroFiveCEightFiveOneCThreeSevenFourSeven","labels":[{"name":"tag","value":"Regression_Chile_Ecquador_Consolidated"},{"name":"tag","value":"Regression_Chile_Ecquador_Consolidated_8"},{"name":"host","value":"CHL127878"},{"name":"thread","value":"18652@CHL127878.TestNG-PoolService-0(17)"},{"name":"feature","value":"Regression Chile Ecquador Consolidated"},{"name":"story","value":"Regression Chile Ecquador Consolidated : EC ETwoE apply Discount  CC couponCOneEightzeroTwozeroFiveCEightFiveOneCThreeSevenFourSeven"},{"name":"suite","value":"Regression Chile Ecquador Consolidated"},{"name":"testClass","value":"Regression Chile Ecquador Consolidated : EC ETwoE apply Discount  CC couponCOneEightzeroTwozeroFiveCEightFiveOneCThreeSevenFourSeven"},{"name":"framework","value":"cucumber4jvm"},{"name":"language","value":"java"},{"name":"gherkin_uri","value":"file:///C:/Users/kirubanithi_r/Documents/EndtestTestNGMigrationLambdatest/src/main/java/features/Regression_Chile_Ecquador_Consolidated.feature"},{"name":"package","value":"src.main.java.features.Regression_Chile_Ecquador_Consolidated_feature.Regression Chile Ecquador Consolidated"}],"links":[]}