{"name":"Regression Chile Ecquador Consolidated : CL  ETwoE create account  Tiered Discount  CCCOneSevenFiveSixTwoEightCTwoNineFiveNine","status":"broken","statusDetails":{"known":false,"muted":false,"flaky":false,"message":"no such element: Unable to locate element: {\"method\":\"css selector\",\"selector\":\"div#deliveryAddressesSelector div:nth-child(3) > label\"}\n  (Session info: chrome=94.0.4606.81)\nFor documentation on this error, please visit: https://www.seleniumhq.org/exceptions/no_such_element.html\nBuild info: version: '3.141.59', revision: 'e82be7d358', time: '2018-11-14T08:17:03'\nSystem info: host: 'CHL127878', ip: '192.168.1.7', os.name: 'Windows 10', os.arch: 'amd64', os.version: '10.0', java.version: '11.0.12'\nDriver info: org.openqa.selenium.remote.RemoteWebDriver\nCapabilities {acceptInsecureCerts: false, browserName: chrome, browserVersion: 94.0.4606.81, chrome: {chromedriverVersion: 93.0.4577.15 (660fc11082ba5..., userDataDir: C:\\Users\\ltuser\\AppData\\Loc...}, goog:chromeOptions: {debuggerAddress: localhost:51925}, javascriptEnabled: true, networkConnectionEnabled: false, pageLoadStrategy: normal, platform: WINDOWS, platformName: WINDOWS, proxy: Proxy(), setWindowRect: true, strictFileInteractability: false, timeouts: {implicit: 0, pageLoad: 300000, script: 30000}, unhandledPromptBehavior: dismiss and notify, webauthn:extension:credBlob: true, webauthn:extension:largeBlob: true, webauthn:virtualAuthenticators: true, webdriver.remote.sessionid: eaed525e4b260891d75042db940...}\nSession ID: eaed525e4b260891d75042db9404bcca\n*** Element info: {Using=css selector, value=div#deliveryAddressesSelector div:nth-child(3) > label}","trace":"org.openqa.selenium.NoSuchElementException: no such element: Unable to locate element: {\"method\":\"css selector\",\"selector\":\"div#deliveryAddressesSelector div:nth-child(3) > label\"}\n  (Session info: chrome=94.0.4606.81)\nFor documentation on this error, please visit: https://www.seleniumhq.org/exceptions/no_such_element.html\nBuild info: version: '3.141.59', revision: 'e82be7d358', time: '2018-11-14T08:17:03'\nSystem info: host: 'CHL127878', ip: '192.168.1.7', os.name: 'Windows 10', os.arch: 'amd64', os.version: '10.0', java.version: '11.0.12'\nDriver info: org.openqa.selenium.remote.RemoteWebDriver\nCapabilities {acceptInsecureCerts: false, browserName: chrome, browserVersion: 94.0.4606.81, chrome: {chromedriverVersion: 93.0.4577.15 (660fc11082ba5..., userDataDir: C:\\Users\\ltuser\\AppData\\Loc...}, goog:chromeOptions: {debuggerAddress: localhost:51925}, javascriptEnabled: true, networkConnectionEnabled: false, pageLoadStrategy: normal, platform: WINDOWS, platformName: WINDOWS, proxy: Proxy(), setWindowRect: true, strictFileInteractability: false, timeouts: {implicit: 0, pageLoad: 300000, script: 30000}, unhandledPromptBehavior: dismiss and notify, webauthn:extension:credBlob: true, webauthn:extension:largeBlob: true, webauthn:virtualAuthenticators: true, webdriver.remote.sessionid: eaed525e4b260891d75042db940...}\nSession ID: eaed525e4b260891d75042db9404bcca\n*** Element info: {Using=css selector, value=div#deliveryAddressesSelector div:nth-child(3) > label}\r\n\tat jdk.internal.reflect.GeneratedConstructorAccessor75.newInstance(Unknown Source)\r\n\tat java.base/jdk.internal.reflect.DelegatingConstructorAccessorImpl.newInstance(DelegatingConstructorAccessorImpl.java:45)\r\n\tat java.base/java.lang.reflect.Constructor.newInstance(Constructor.java:490)\r\n\tat org.openqa.selenium.remote.http.W3CHttpResponseCodec.createException(W3CHttpResponseCodec.java:187)\r\n\tat org.openqa.selenium.remote.http.W3CHttpResponseCodec.decode(W3CHttpResponseCodec.java:122)\r\n\tat org.openqa.selenium.remote.http.W3CHttpResponseCodec.decode(W3CHttpResponseCodec.java:49)\r\n\tat org.openqa.selenium.remote.HttpCommandExecutor.execute(HttpCommandExecutor.java:158)\r\n\tat org.openqa.selenium.remote.RemoteWebDriver.execute(RemoteWebDriver.java:552)\r\n\tat org.openqa.selenium.remote.RemoteWebDriver.findElement(RemoteWebDriver.java:323)\r\n\tat org.openqa.selenium.remote.RemoteWebDriver.findElementByCssSelector(RemoteWebDriver.java:420)\r\n\tat testng_framework.WebDriverHelper.getElement(WebDriverHelper.java:158)\r\n\tat testng_framework.WebDriverHelper.getElement(WebDriverHelper.java:172)\r\n\tat testng_framework.WebDriverHelper.clickOnElement(WebDriverHelper.java:249)\r\n\tat generated_tests.Regression_Chile_Ecquador_Consolidated.CL__ETwoE_create_account__Tiered_Discount__CCCOneSevenFiveSixTwoEightCTwoNineFiveNine(Regression_Chile_Ecquador_Consolidated.java:697)\r\n\tat StepDef.Regression_Chile_Ecquador_Consolidated_StepDef.Regression_Chile_Ecquador_ConsolidatedCL__ETwoE_create_account__Tiered_Discount__CCCOneSevenFiveSixTwoEightCTwoNineFiveNineStep(Regression_Chile_Ecquador_Consolidated_StepDef.java:32)\r\n\tat ✽.Regression Chile Ecquador Consolidated : CL  ETwoE create account  Tiered Discount  CCCOneSevenFiveSixTwoEightCTwoNineFiveNine(file:///C:/Users/kirubanithi_r/Documents/EndtestTestNGMigrationLambdatest/src/main/java/features/Regression_Chile_Ecquador_Consolidated.feature:22)\r\n"},"stage":"finished","steps":[{"name":"Given  Regression Chile Ecquador Consolidated : CL  ETwoE create account  Tiered Discount  CCCOneSevenFiveSixTwoEightCTwoNineFiveNine","status":"broken","statusDetails":{"known":false,"muted":false,"flaky":false,"message":"no such element: Unable to locate element: {\"method\":\"css selector\",\"selector\":\"div#deliveryAddressesSelector div:nth-child(3) > label\"}\n  (Session info: chrome=94.0.4606.81)\nFor documentation on this error, please visit: https://www.seleniumhq.org/exceptions/no_such_element.html\nBuild info: version: '3.141.59', revision: 'e82be7d358', time: '2018-11-14T08:17:03'\nSystem info: host: 'CHL127878', ip: '192.168.1.7', os.name: 'Windows 10', os.arch: 'amd64', os.version: '10.0', java.version: '11.0.12'\nDriver info: org.openqa.selenium.remote.RemoteWebDriver\nCapabilities {acceptInsecureCerts: false, browserName: chrome, browserVersion: 94.0.4606.81, chrome: {chromedriverVersion: 93.0.4577.15 (660fc11082ba5..., userDataDir: C:\\Users\\ltuser\\AppData\\Loc...}, goog:chromeOptions: {debuggerAddress: localhost:51925}, javascriptEnabled: true, networkConnectionEnabled: false, pageLoadStrategy: normal, platform: WINDOWS, platformName: WINDOWS, proxy: Proxy(), setWindowRect: true, strictFileInteractability: false, timeouts: {implicit: 0, pageLoad: 300000, script: 30000}, unhandledPromptBehavior: dismiss and notify, webauthn:extension:credBlob: true, webauthn:extension:largeBlob: true, webauthn:virtualAuthenticators: true, webdriver.remote.sessionid: eaed525e4b260891d75042db940...}\nSession ID: eaed525e4b260891d75042db9404bcca\n*** Element info: {Using=css selector, value=div#deliveryAddressesSelector div:nth-child(3) > label}","trace":"org.openqa.selenium.NoSuchElementException: no such element: Unable to locate element: {\"method\":\"css selector\",\"selector\":\"div#deliveryAddressesSelector div:nth-child(3) > label\"}\n  (Session info: chrome=94.0.4606.81)\nFor documentation on this error, please visit: https://www.seleniumhq.org/exceptions/no_such_element.html\nBuild info: version: '3.141.59', revision: 'e82be7d358', time: '2018-11-14T08:17:03'\nSystem info: host: 'CHL127878', ip: '192.168.1.7', os.name: 'Windows 10', os.arch: 'amd64', os.version: '10.0', java.version: '11.0.12'\nDriver info: org.openqa.selenium.remote.RemoteWebDriver\nCapabilities {acceptInsecureCerts: false, browserName: chrome, browserVersion: 94.0.4606.81, chrome: {chromedriverVersion: 93.0.4577.15 (660fc11082ba5..., userDataDir: C:\\Users\\ltuser\\AppData\\Loc...}, goog:chromeOptions: {debuggerAddress: localhost:51925}, javascriptEnabled: true, networkConnectionEnabled: false, pageLoadStrategy: normal, platform: WINDOWS, platformName: WINDOWS, proxy: Proxy(), setWindowRect: true, strictFileInteractability: false, timeouts: {implicit: 0, pageLoad: 300000, script: 30000}, unhandledPromptBehavior: dismiss and notify, webauthn:extension:credBlob: true, webauthn:extension:largeBlob: true, webauthn:virtualAuthenticators: true, webdriver.remote.sessionid: eaed525e4b260891d75042db940...}\nSession ID: eaed525e4b260891d75042db9404bcca\n*** Element info: {Using=css selector, value=div#deliveryAddressesSelector div:nth-child(3) > label}\r\n\tat jdk.internal.reflect.GeneratedConstructorAccessor75.newInstance(Unknown Source)\r\n\tat java.base/jdk.internal.reflect.DelegatingConstructorAccessorImpl.newInstance(DelegatingConstructorAccessorImpl.java:45)\r\n\tat java.base/java.lang.reflect.Constructor.newInstance(Constructor.java:490)\r\n\tat org.openqa.selenium.remote.http.W3CHttpResponseCodec.createException(W3CHttpResponseCodec.java:187)\r\n\tat org.openqa.selenium.remote.http.W3CHttpResponseCodec.decode(W3CHttpResponseCodec.java:122)\r\n\tat org.openqa.selenium.remote.http.W3CHttpResponseCodec.decode(W3CHttpResponseCodec.java:49)\r\n\tat org.openqa.selenium.remote.HttpCommandExecutor.execute(HttpCommandExecutor.java:158)\r\n\tat org.openqa.selenium.remote.RemoteWebDriver.execute(RemoteWebDriver.java:552)\r\n\tat org.openqa.selenium.remote.RemoteWebDriver.findElement(RemoteWebDriver.java:323)\r\n\tat org.openqa.selenium.remote.RemoteWebDriver.findElementByCssSelector(RemoteWebDriver.java:420)\r\n\tat testng_framework.WebDriverHelper.getElement(WebDriverHelper.java:158)\r\n\tat testng_framework.WebDriverHelper.getElement(WebDriverHelper.java:172)\r\n\tat testng_framework.WebDriverHelper.clickOnElement(WebDriverHelper.java:249)\r\n\tat generated_tests.Regression_Chile_Ecquador_Consolidated.CL__ETwoE_create_account__Tiered_Discount__CCCOneSevenFiveSixTwoEightCTwoNineFiveNine(Regression_Chile_Ecquador_Consolidated.java:697)\r\n\tat StepDef.Regression_Chile_Ecquador_Consolidated_StepDef.Regression_Chile_Ecquador_ConsolidatedCL__ETwoE_create_account__Tiered_Discount__CCCOneSevenFiveSixTwoEightCTwoNineFiveNineStep(Regression_Chile_Ecquador_Consolidated_StepDef.java:32)\r\n\tat ✽.Regression Chile Ecquador Consolidated : CL  ETwoE create account  Tiered Discount  CCCOneSevenFiveSixTwoEightCTwoNineFiveNine(file:///C:/Users/kirubanithi_r/Documents/EndtestTestNGMigrationLambdatest/src/main/java/features/Regression_Chile_Ecquador_Consolidated.feature:22)\r\n"},"stage":"finished","steps":[],"attachments":[],"parameters":[],"start":1641550114534,"stop":1641550514921}],"attachments":[],"parameters":[],"start":1641550104671,"stop":1641550517906,"uuid":"b00a1e5c-8311-4b70-acde-4f72d6f384b0","historyId":"3246d5e5af1e5221ccb889861f41801","fullName":"Regression Chile Ecquador Consolidated: Regression Chile Ecquador Consolidated : CL  ETwoE create account  Tiered Discount  CCCOneSevenFiveSixTwoEightCTwoNineFiveNine","labels":[{"name":"tag","value":"Regression_Chile_Ecquador_Consolidated"},{"name":"tag","value":"Regression_Chile_Ecquador_Consolidated_5"},{"name":"host","value":"CHL127878"},{"name":"thread","value":"18652@CHL127878.TestNG-PoolService-7(24)"},{"name":"feature","value":"Regression Chile Ecquador Consolidated"},{"name":"story","value":"Regression Chile Ecquador Consolidated : CL  ETwoE create account  Tiered Discount  CCCOneSevenFiveSixTwoEightCTwoNineFiveNine"},{"name":"suite","value":"Regression Chile Ecquador Consolidated"},{"name":"testClass","value":"Regression Chile Ecquador Consolidated : CL  ETwoE create account  Tiered Discount  CCCOneSevenFiveSixTwoEightCTwoNineFiveNine"},{"name":"framework","value":"cucumber4jvm"},{"name":"language","value":"java"},{"name":"gherkin_uri","value":"file:///C:/Users/kirubanithi_r/Documents/EndtestTestNGMigrationLambdatest/src/main/java/features/Regression_Chile_Ecquador_Consolidated.feature"},{"name":"package","value":"src.main.java.features.Regression_Chile_Ecquador_Consolidated_feature.Regression Chile Ecquador Consolidated"}],"links":[]}