{"name":"Regression Mexico MTO : SCENARIO Three Purchase in virtual store  Google User  cash OXXOCSixzeroSevenCTwoSevenOneSix","status":"broken","statusDetails":{"known":false,"muted":false,"flaky":false,"message":"no such element: Unable to locate element: {\"method\":\"css selector\",\"selector\":\"header > nav:nth-of-type(2) > div > div:nth-of-type(2) > div:nth-of-type(1) > div > div:nth-of-type(2) > div > div > div > form > div > div > div > input\"}\n  (Session info: chrome=94.0.4606.81)\nFor documentation on this error, please visit: https://www.seleniumhq.org/exceptions/no_such_element.html\nBuild info: version: '3.141.59', revision: 'e82be7d358', time: '2018-11-14T08:17:03'\nSystem info: host: 'CHL127878', ip: '192.168.1.7', os.name: 'Windows 10', os.arch: 'amd64', os.version: '10.0', java.version: '11.0.12'\nDriver info: org.openqa.selenium.remote.RemoteWebDriver\nCapabilities {acceptInsecureCerts: false, browserName: chrome, browserVersion: 94.0.4606.81, chrome: {chromedriverVersion: 93.0.4577.15 (660fc11082ba5..., userDataDir: C:\\Users\\ltuser\\AppData\\Loc...}, goog:chromeOptions: {debuggerAddress: localhost:54772}, javascriptEnabled: true, networkConnectionEnabled: false, pageLoadStrategy: normal, platform: WINDOWS, platformName: WINDOWS, proxy: Proxy(), setWindowRect: true, strictFileInteractability: false, timeouts: {implicit: 0, pageLoad: 300000, script: 30000}, unhandledPromptBehavior: dismiss and notify, webauthn:extension:credBlob: true, webauthn:extension:largeBlob: true, webauthn:virtualAuthenticators: true, webdriver.remote.sessionid: abe1b29043b3f3235de32900289...}\nSession ID: abe1b29043b3f3235de3290028939f11\n*** Element info: {Using=css selector, value=header > nav:nth-of-type(2) > div > div:nth-of-type(2) > div:nth-of-type(1) > div > div:nth-of-type(2) > div > div > div > form > div > div > div > input}","trace":"org.openqa.selenium.NoSuchElementException: no such element: Unable to locate element: {\"method\":\"css selector\",\"selector\":\"header > nav:nth-of-type(2) > div > div:nth-of-type(2) > div:nth-of-type(1) > div > div:nth-of-type(2) > div > div > div > form > div > div > div > input\"}\n  (Session info: chrome=94.0.4606.81)\nFor documentation on this error, please visit: https://www.seleniumhq.org/exceptions/no_such_element.html\nBuild info: version: '3.141.59', revision: 'e82be7d358', time: '2018-11-14T08:17:03'\nSystem info: host: 'CHL127878', ip: '192.168.1.7', os.name: 'Windows 10', os.arch: 'amd64', os.version: '10.0', java.version: '11.0.12'\nDriver info: org.openqa.selenium.remote.RemoteWebDriver\nCapabilities {acceptInsecureCerts: false, browserName: chrome, browserVersion: 94.0.4606.81, chrome: {chromedriverVersion: 93.0.4577.15 (660fc11082ba5..., userDataDir: C:\\Users\\ltuser\\AppData\\Loc...}, goog:chromeOptions: {debuggerAddress: localhost:54772}, javascriptEnabled: true, networkConnectionEnabled: false, pageLoadStrategy: normal, platform: WINDOWS, platformName: WINDOWS, proxy: Proxy(), setWindowRect: true, strictFileInteractability: false, timeouts: {implicit: 0, pageLoad: 300000, script: 30000}, unhandledPromptBehavior: dismiss and notify, webauthn:extension:credBlob: true, webauthn:extension:largeBlob: true, webauthn:virtualAuthenticators: true, webdriver.remote.sessionid: abe1b29043b3f3235de32900289...}\nSession ID: abe1b29043b3f3235de3290028939f11\n*** Element info: {Using=css selector, value=header > nav:nth-of-type(2) > div > div:nth-of-type(2) > div:nth-of-type(1) > div > div:nth-of-type(2) > div > div > div > form > div > div > div > input}\r\n\tat jdk.internal.reflect.GeneratedConstructorAccessor75.newInstance(Unknown Source)\r\n\tat java.base/jdk.internal.reflect.DelegatingConstructorAccessorImpl.newInstance(DelegatingConstructorAccessorImpl.java:45)\r\n\tat java.base/java.lang.reflect.Constructor.newInstance(Constructor.java:490)\r\n\tat org.openqa.selenium.remote.http.W3CHttpResponseCodec.createException(W3CHttpResponseCodec.java:187)\r\n\tat org.openqa.selenium.remote.http.W3CHttpResponseCodec.decode(W3CHttpResponseCodec.java:122)\r\n\tat org.openqa.selenium.remote.http.W3CHttpResponseCodec.decode(W3CHttpResponseCodec.java:49)\r\n\tat org.openqa.selenium.remote.HttpCommandExecutor.execute(HttpCommandExecutor.java:158)\r\n\tat org.openqa.selenium.remote.RemoteWebDriver.execute(RemoteWebDriver.java:552)\r\n\tat org.openqa.selenium.remote.RemoteWebDriver.findElement(RemoteWebDriver.java:323)\r\n\tat org.openqa.selenium.remote.RemoteWebDriver.findElementByCssSelector(RemoteWebDriver.java:420)\r\n\tat testng_framework.WebDriverHelper.getElement(WebDriverHelper.java:158)\r\n\tat testng_framework.WebDriverHelper.getElement(WebDriverHelper.java:172)\r\n\tat testng_framework.WebDriverHelper.clickOnElement(WebDriverHelper.java:249)\r\n\tat generated_tests.Regression_Mexico_MTO.SCENARIO_Three_Purchase_in_virtual_store__Google_User__cash_OXXOCSixzeroSevenCTwoSevenOneSix(Regression_Mexico_MTO.java:39)\r\n\tat StepDef.Regression_Mexico_MTO_StepDef.Regression_Mexico_MTOSCENARIO_Three_Purchase_in_virtual_store__Google_User__cash_OXXOCSixzeroSevenCTwoSevenOneSixStep(Regression_Mexico_MTO_StepDef.java:12)\r\n\tat ✽.Regression Mexico MTO : SCENARIO Three Purchase in virtual store  Google User  cash OXXOCSixzeroSevenCTwoSevenOneSix(file:///C:/Users/kirubanithi_r/Documents/EndtestTestNGMigrationLambdatest/src/main/java/features/Regression_Mexico_MTO.feature:6)\r\n"},"stage":"finished","steps":[{"name":"Given  Regression Mexico MTO : SCENARIO Three Purchase in virtual store  Google User  cash OXXOCSixzeroSevenCTwoSevenOneSix","status":"broken","statusDetails":{"known":false,"muted":false,"flaky":false,"message":"no such element: Unable to locate element: {\"method\":\"css selector\",\"selector\":\"header > nav:nth-of-type(2) > div > div:nth-of-type(2) > div:nth-of-type(1) > div > div:nth-of-type(2) > div > div > div > form > div > div > div > input\"}\n  (Session info: chrome=94.0.4606.81)\nFor documentation on this error, please visit: https://www.seleniumhq.org/exceptions/no_such_element.html\nBuild info: version: '3.141.59', revision: 'e82be7d358', time: '2018-11-14T08:17:03'\nSystem info: host: 'CHL127878', ip: '192.168.1.7', os.name: 'Windows 10', os.arch: 'amd64', os.version: '10.0', java.version: '11.0.12'\nDriver info: org.openqa.selenium.remote.RemoteWebDriver\nCapabilities {acceptInsecureCerts: false, browserName: chrome, browserVersion: 94.0.4606.81, chrome: {chromedriverVersion: 93.0.4577.15 (660fc11082ba5..., userDataDir: C:\\Users\\ltuser\\AppData\\Loc...}, goog:chromeOptions: {debuggerAddress: localhost:54772}, javascriptEnabled: true, networkConnectionEnabled: false, pageLoadStrategy: normal, platform: WINDOWS, platformName: WINDOWS, proxy: Proxy(), setWindowRect: true, strictFileInteractability: false, timeouts: {implicit: 0, pageLoad: 300000, script: 30000}, unhandledPromptBehavior: dismiss and notify, webauthn:extension:credBlob: true, webauthn:extension:largeBlob: true, webauthn:virtualAuthenticators: true, webdriver.remote.sessionid: abe1b29043b3f3235de32900289...}\nSession ID: abe1b29043b3f3235de3290028939f11\n*** Element info: {Using=css selector, value=header > nav:nth-of-type(2) > div > div:nth-of-type(2) > div:nth-of-type(1) > div > div:nth-of-type(2) > div > div > div > form > div > div > div > input}","trace":"org.openqa.selenium.NoSuchElementException: no such element: Unable to locate element: {\"method\":\"css selector\",\"selector\":\"header > nav:nth-of-type(2) > div > div:nth-of-type(2) > div:nth-of-type(1) > div > div:nth-of-type(2) > div > div > div > form > div > div > div > input\"}\n  (Session info: chrome=94.0.4606.81)\nFor documentation on this error, please visit: https://www.seleniumhq.org/exceptions/no_such_element.html\nBuild info: version: '3.141.59', revision: 'e82be7d358', time: '2018-11-14T08:17:03'\nSystem info: host: 'CHL127878', ip: '192.168.1.7', os.name: 'Windows 10', os.arch: 'amd64', os.version: '10.0', java.version: '11.0.12'\nDriver info: org.openqa.selenium.remote.RemoteWebDriver\nCapabilities {acceptInsecureCerts: false, browserName: chrome, browserVersion: 94.0.4606.81, chrome: {chromedriverVersion: 93.0.4577.15 (660fc11082ba5..., userDataDir: C:\\Users\\ltuser\\AppData\\Loc...}, goog:chromeOptions: {debuggerAddress: localhost:54772}, javascriptEnabled: true, networkConnectionEnabled: false, pageLoadStrategy: normal, platform: WINDOWS, platformName: WINDOWS, proxy: Proxy(), setWindowRect: true, strictFileInteractability: false, timeouts: {implicit: 0, pageLoad: 300000, script: 30000}, unhandledPromptBehavior: dismiss and notify, webauthn:extension:credBlob: true, webauthn:extension:largeBlob: true, webauthn:virtualAuthenticators: true, webdriver.remote.sessionid: abe1b29043b3f3235de32900289...}\nSession ID: abe1b29043b3f3235de3290028939f11\n*** Element info: {Using=css selector, value=header > nav:nth-of-type(2) > div > div:nth-of-type(2) > div:nth-of-type(1) > div > div:nth-of-type(2) > div > div > div > form > div > div > div > input}\r\n\tat jdk.internal.reflect.GeneratedConstructorAccessor75.newInstance(Unknown Source)\r\n\tat java.base/jdk.internal.reflect.DelegatingConstructorAccessorImpl.newInstance(DelegatingConstructorAccessorImpl.java:45)\r\n\tat java.base/java.lang.reflect.Constructor.newInstance(Constructor.java:490)\r\n\tat org.openqa.selenium.remote.http.W3CHttpResponseCodec.createException(W3CHttpResponseCodec.java:187)\r\n\tat org.openqa.selenium.remote.http.W3CHttpResponseCodec.decode(W3CHttpResponseCodec.java:122)\r\n\tat org.openqa.selenium.remote.http.W3CHttpResponseCodec.decode(W3CHttpResponseCodec.java:49)\r\n\tat org.openqa.selenium.remote.HttpCommandExecutor.execute(HttpCommandExecutor.java:158)\r\n\tat org.openqa.selenium.remote.RemoteWebDriver.execute(RemoteWebDriver.java:552)\r\n\tat org.openqa.selenium.remote.RemoteWebDriver.findElement(RemoteWebDriver.java:323)\r\n\tat org.openqa.selenium.remote.RemoteWebDriver.findElementByCssSelector(RemoteWebDriver.java:420)\r\n\tat testng_framework.WebDriverHelper.getElement(WebDriverHelper.java:158)\r\n\tat testng_framework.WebDriverHelper.getElement(WebDriverHelper.java:172)\r\n\tat testng_framework.WebDriverHelper.clickOnElement(WebDriverHelper.java:249)\r\n\tat generated_tests.Regression_Mexico_MTO.SCENARIO_Three_Purchase_in_virtual_store__Google_User__cash_OXXOCSixzeroSevenCTwoSevenOneSix(Regression_Mexico_MTO.java:39)\r\n\tat StepDef.Regression_Mexico_MTO_StepDef.Regression_Mexico_MTOSCENARIO_Three_Purchase_in_virtual_store__Google_User__cash_OXXOCSixzeroSevenCTwoSevenOneSixStep(Regression_Mexico_MTO_StepDef.java:12)\r\n\tat ✽.Regression Mexico MTO : SCENARIO Three Purchase in virtual store  Google User  cash OXXOCSixzeroSevenCTwoSevenOneSix(file:///C:/Users/kirubanithi_r/Documents/EndtestTestNGMigrationLambdatest/src/main/java/features/Regression_Mexico_MTO.feature:6)\r\n"},"stage":"finished","steps":[],"attachments":[],"parameters":[],"start":1641550873300,"stop":1641551049141}],"attachments":[],"parameters":[],"start":1641550865405,"stop":1641551052024,"uuid":"f2533e0a-90a3-42af-8ea2-9788b726468d","historyId":"e0d7c2fa1cd6dca2db0f4827ed687115","fullName":"Regression Mexico MTO: Regression Mexico MTO : SCENARIO Three Purchase in virtual store  Google User  cash OXXOCSixzeroSevenCTwoSevenOneSix","labels":[{"name":"tag","value":"Regression_Mexico_MTO"},{"name":"tag","value":"Regression_Mexico_MTO_1"},{"name":"host","value":"CHL127878"},{"name":"thread","value":"18652@CHL127878.TestNG-PoolService-1(18)"},{"name":"feature","value":"Regression Mexico MTO"},{"name":"story","value":"Regression Mexico MTO : SCENARIO Three Purchase in virtual store  Google User  cash OXXOCSixzeroSevenCTwoSevenOneSix"},{"name":"suite","value":"Regression Mexico MTO"},{"name":"testClass","value":"Regression Mexico MTO : SCENARIO Three Purchase in virtual store  Google User  cash OXXOCSixzeroSevenCTwoSevenOneSix"},{"name":"framework","value":"cucumber4jvm"},{"name":"language","value":"java"},{"name":"gherkin_uri","value":"file:///C:/Users/kirubanithi_r/Documents/EndtestTestNGMigrationLambdatest/src/main/java/features/Regression_Mexico_MTO.feature"},{"name":"package","value":"src.main.java.features.Regression_Mexico_MTO_feature.Regression Mexico MTO"}],"links":[]}